<?xml version="1.0" encoding="UTF-8"?>
<testng-results ignored="0" total="1" passed="1" failed="0" skipped="0">
  <reporter-output>
    <line>
      <![CDATA[User logged in scucessfully]]>
    </line>
  </reporter-output>
  <suite started-at="2022-11-11T17:27:18 GST" name="SeleniumFrameworkSuite" finished-at="2022-11-11T17:27:39 GST" duration-ms="21149">
    <groups>
    </groups>
    <test started-at="2022-11-11T17:27:18 GST" name="Test" finished-at="2022-11-11T17:27:39 GST" duration-ms="21149">
      <class name="Test.firstTestCase">
        <test-method is-config="true" signature="startDriver()[pri:0, instance:Test.firstTestCase@34b7ac2f]" started-at="2022-11-11T17:27:18 GST" name="startDriver" finished-at="2022-11-11T17:27:22 GST" duration-ms="4375" status="PASS">
          <reporter-output>
          </reporter-output>
        </test-method> <!-- startDriver -->
        <test-method signature="firstTest()[pri:0, instance:Test.firstTestCase@34b7ac2f]" started-at="2022-11-11T17:27:22 GST" name="firstTest" finished-at="2022-11-11T17:27:37 GST" duration-ms="15305" status="PASS">
          <reporter-output>
            <line>
              <![CDATA[User logged in scucessfully]]>
            </line>
          </reporter-output>
        </test-method> <!-- firstTest -->
        <test-method is-config="true" signature="tearDown()[pri:0, instance:Test.firstTestCase@34b7ac2f]" started-at="2022-11-11T17:27:37 GST" name="tearDown" finished-at="2022-11-11T17:27:39 GST" duration-ms="1367" status="PASS">
          <reporter-output>
          </reporter-output>
        </test-method> <!-- tearDown -->
      </class> <!-- Test.firstTestCase -->
    </test> <!-- Test -->
  </suite> <!-- SeleniumFrameworkSuite -->
</testng-results>
